Using pre-set license

 COMMAND LINE ARGUMENTS:
/Applications/Unity/Hub/Editor/2020.3.8f1/Unity.app/Contents/MacOS/Unity
-adb2
-batchMode
-noUpm
-name
AssetImportWorker0
-projectPath
/Users/ovidiu/facultate/sm/proiect/billiard_unity
-logFile
Logs/AssetImportWorker0.log
-srvPort
54247
Successfully changed project path to: /Users/ovidiu/facultate/sm/proiect/billiard_unity
/Users/ovidiu/facultate/sm/proiect/billiard_unity
Using Asset Import Pipeline V2.
Refreshing native plugins compatible for Editor in 44.20 ms, found 1 plugins.
Preloading 0 native plugins for Editor in 0.00 ms.
Initialize engine version: 2020.3.8f1 (507919d4fff5)
[Subsystems] Discovering subsystems at path /Applications/Unity/Hub/Editor/2020.3.8f1/Unity.app/Contents/Resources/UnitySubsystems
[Subsystems] Discovering subsystems at path /Users/ovidiu/facultate/sm/proiect/billiard_unity/Assets
GfxDevice: creating device client; threaded=0
2021-05-31 17:04:20.476 Unity[24454:307814] Color LCD preferred device: AMD Radeon Pro 5300M (high power)
2021-05-31 17:04:20.476 Unity[24454:307814] Metal devices available: 2
2021-05-31 17:04:20.476 Unity[24454:307814] 0: AMD Radeon Pro 5300M (high power)
2021-05-31 17:04:20.476 Unity[24454:307814] 1: Intel(R) UHD Graphics 630 (low power)
2021-05-31 17:04:20.476 Unity[24454:307814] Using device AMD Radeon Pro 5300M (high power)
Initializing Metal device caps: AMD Radeon Pro 5300M
Initialize mono
Mono path[0] = '/Applications/Unity/Hub/Editor/2020.3.8f1/Unity.app/Contents/Managed'
Mono path[1] = '/Applications/Unity/Hub/Editor/2020.3.8f1/Unity.app/Contents/MonoBleedingEdge/lib/mono/unityjit'
Mono config path = '/Applications/Unity/Hub/Editor/2020.3.8f1/Unity.app/Contents/MonoBleedingEdge/etc'
Using monoOptions --debugger-agent=transport=dt_socket,embedding=1,server=y,suspend=n,address=127.0.0.1:56454
Begin MonoManager ReloadAssembly
Registering precompiled unity dll's ...
Register platform support module: /Applications/Unity/Hub/Editor/2020.3.8f1/Unity.app/Contents/PlaybackEngines/MacStandaloneSupport/UnityEditor.OSXStandalone.Extensions.dll
Registered in 0.001953 seconds.
Native extension for OSXStandalone target not found
Refreshing native plugins compatible for Editor in 31.31 ms, found 1 plugins.
Preloading 0 native plugins for Editor in 0.00 ms.
Mono: successfully reloaded assembly
- Completed reload, in  1.790 seconds
Platform modules already initialized, skipping
Registering precompiled user dll's ...
Registered in 0.005438 seconds.
Begin MonoManager ReloadAssembly
Native extension for OSXStandalone target not found
Refreshing native plugins compatible for Editor in 0.47 ms, found 1 plugins.
Preloading 0 native plugins for Editor in 0.00 ms.
Mono: successfully reloaded assembly
- Completed reload, in  1.070 seconds
Platform modules already initialized, skipping
========================================================================
Worker process is ready to serve import requests
Launching external process: /Applications/Unity/Hub/Editor/2020.3.8f1/Unity.app/Contents/Tools/UnityShaderCompiler
Launched and connected shader compiler UnityShaderCompiler after 0.01 seconds
Refreshing native plugins compatible for Editor in 0.48 ms, found 1 plugins.
Preloading 0 native plugins for Editor in 0.00 ms.
Unloading 1708 Unused Serialized files (Serialized files now loaded: 0)
System memory in use before: 133.8 MB.
System memory in use after: 133.8 MB.

Unloading 49 unused Assets to reduce memory usage. Loaded Objects now: 2124.
Total: 5.251643 ms (FindLiveObjects: 0.181240 ms CreateObjectMapping: 0.060149 ms MarkObjects: 4.929590 ms  DeleteObjects: 0.079869 ms)

========================================================================
Received Import Request.
  path: Assets/Scenes/billard.unity
  artifactKey: Guid(687952a38eb8740a59eb91a27110c676) Importer(815301076,1909f56bfc062723c751e8b465ee728b)
Start importing Assets/Scenes/billard.unity using Guid(687952a38eb8740a59eb91a27110c676) Importer(815301076,1909f56bfc062723c751e8b465ee728b)  -> (artifact id: 'ae68b5f3aee5e5b31e16cf7d975f483d') in 0.010798 seconds
  Import took 0.013739 seconds .

========================================================================
Received Import Request.
  Time since last request: 0.000192 seconds.
  path: Assets/Scenes/menu.unity
  artifactKey: Guid(99c9720ab356a0642a771bea13969a05) Importer(815301076,1909f56bfc062723c751e8b465ee728b)
Start importing Assets/Scenes/menu.unity using Guid(99c9720ab356a0642a771bea13969a05) Importer(815301076,1909f56bfc062723c751e8b465ee728b)  -> (artifact id: '6822e3a922ecc6dd9b0093a942259b23') in 0.001007 seconds
  Import took 0.003628 seconds .

========================================================================
Received Prepare
Registering precompiled user dll's ...
Registered in 0.002969 seconds.
Begin MonoManager ReloadAssembly
Native extension for OSXStandalone target not found
Refreshing native plugins compatible for Editor in 0.56 ms, found 1 plugins.
Preloading 0 native plugins for Editor in 0.00 ms.
Mono: successfully reloaded assembly
- Completed reload, in  1.127 seconds
Platform modules already initialized, skipping
Refreshing native plugins compatible for Editor in 0.56 ms, found 1 plugins.
Preloading 0 native plugins for Editor in 0.00 ms.
Unloading 1689 Unused Serialized files (Serialized files now loaded: 0)
System memory in use before: 132.5 MB.
System memory in use after: 132.6 MB.

Unloading 40 unused Assets to reduce memory usage. Loaded Objects now: 2127.
Total: 5.476102 ms (FindLiveObjects: 0.183679 ms CreateObjectMapping: 0.107966 ms MarkObjects: 5.157531 ms  DeleteObjects: 0.025946 ms)

========================================================================
Received Prepare
Refreshing native plugins compatible for Editor in 13.76 ms, found 1 plugins.
Preloading 0 native plugins for Editor in 0.00 ms.
Unloading 38 Unused Serialized files (Serialized files now loaded: 0)
System memory in use before: 100.2 MB.
System memory in use after: 100.3 MB.

Unloading 38 unused Assets to reduce memory usage. Loaded Objects now: 2127.
Total: 5.072194 ms (FindLiveObjects: 0.143630 ms CreateObjectMapping: 0.048936 ms MarkObjects: 4.864291 ms  DeleteObjects: 0.014851 ms)

